2025-04-27 16:09:59.672 [main] INFO  com.ithtima.考试.文件单词统计系统.FileWordCountingSystem-文件统计完成
2025-04-27 16:09:59.673 [main] INFO  com.ithtima.考试.文件单词统计系统.FileWordCountingSystem-文件统计结果如下：
2025-04-27 16:09:59.674 [main] INFO  com.ithtima.考试.文件单词统计系统.FileWordCountingSystem-文件名:文件夹A/c.txt,单词数量:9
2025-04-27 16:09:59.674 [main] INFO  com.ithtima.考试.文件单词统计系统.FileWordCountingSystem-文件名:文件夹D/c.txt,单词数量:9
2025-04-27 16:09:59.674 [main] INFO  com.ithtima.考试.文件单词统计系统.FileWordCountingSystem-文件名:文件夹B/a.txt,单词数量:9
2025-04-27 16:09:59.674 [main] INFO  com.ithtima.考试.文件单词统计系统.FileWordCountingSystem-文件名:文件夹B/b.txt,单词数量:9
2025-04-27 16:09:59.675 [main] INFO  com.ithtima.考试.文件单词统计系统.FileWordCountingSystem-文件名:文件夹A/a.txt,单词数量:9
2025-04-27 16:09:59.675 [main] INFO  com.ithtima.考试.文件单词统计系统.FileWordCountingSystem-文件名:文件夹B/c.txt,单词数量:9
2025-04-27 16:09:59.675 [main] INFO  com.ithtima.考试.文件单词统计系统.FileWordCountingSystem-文件名:文件夹D/a.txt,单词数量:9
2025-04-27 16:09:59.675 [main] INFO  com.ithtima.考试.文件单词统计系统.FileWordCountingSystem-文件名:文件夹D/b.txt,单词数量:9
2025-04-27 16:09:59.675 [main] INFO  com.ithtima.考试.文件单词统计系统.FileWordCountingSystem-文件名:文件夹A/b.txt,单词数量:9
2025-04-27 16:10:35.611 [main] INFO  com.ithtima.考试.文件单词统计系统.FileWordCountingSystem-文件统计完成
2025-04-27 16:10:35.612 [main] INFO  com.ithtima.考试.文件单词统计系统.FileWordCountingSystem-文件统计结果如下：
2025-04-27 16:10:35.613 [main] INFO  com.ithtima.考试.文件单词统计系统.FileWordCountingSystem-文件名:文件夹A/c.txt,单词数量:9
2025-04-27 16:10:35.613 [main] INFO  com.ithtima.考试.文件单词统计系统.FileWordCountingSystem-文件名:文件夹D/c.txt,单词数量:9
2025-04-27 16:10:35.613 [main] INFO  com.ithtima.考试.文件单词统计系统.FileWordCountingSystem-文件名:文件夹B/a.txt,单词数量:9
2025-04-27 16:10:35.614 [main] INFO  com.ithtima.考试.文件单词统计系统.FileWordCountingSystem-文件名:文件夹B/b.txt,单词数量:9
2025-04-27 16:10:35.614 [main] INFO  com.ithtima.考试.文件单词统计系统.FileWordCountingSystem-文件名:文件夹A/a.txt,单词数量:9
2025-04-27 16:10:35.614 [main] INFO  com.ithtima.考试.文件单词统计系统.FileWordCountingSystem-文件名:文件夹B/c.txt,单词数量:9
2025-04-27 16:10:35.614 [main] INFO  com.ithtima.考试.文件单词统计系统.FileWordCountingSystem-文件名:文件夹D/a.txt,单词数量:9
2025-04-27 16:10:35.614 [main] INFO  com.ithtima.考试.文件单词统计系统.FileWordCountingSystem-文件名:文件夹D/b.txt,单词数量:9
2025-04-27 16:10:35.614 [main] INFO  com.ithtima.考试.文件单词统计系统.FileWordCountingSystem-文件名:文件夹A/b.txt,单词数量:9
